<?xml version="1.0" encoding="UTF-8"?>
<!-- Generated by org.testng.reporters.JUnitXMLReporter -->
<testsuite hostname="L-156180933" ignored="0" name="Test1" tests="3" failures="2" timestamp="2021-02-04T19:33:03 IST" time="44.606" errors="0">
  <testcase name="a_LoginCrendentials" time="3.67" classname="com.hybrid.testcases.GenericUIValidation"/>
  <testcase name="b_loginClick" time="3.075" classname="com.hybrid.testcases.GenericUIValidation">
    <failure type="java.lang.AssertionError" message="expected [Planisware 6 - Home] but found [Planisware Application Server]">
      <![CDATA[java.lang.AssertionError: expected [Planisware 6 - Home] but found [Planisware Application Server]
at com.hybrid.testcases.GenericUIValidation.b_loginClick(GenericUIValidation.java:64)
at java.util.ArrayList.forEach(ArrayList.java:1257)
... Removed 33 stack frames]]>
    </failure>
  </testcase> <!-- b_loginClick -->
  <testcase name="b_loginClick" time="21.908" classname="com.hybrid.testcases.GenericUIValidation">
    <failure type="java.lang.RuntimeException" message="Unexpected result for screenshot command: null">
      <![CDATA[java.lang.RuntimeException: Unexpected result for screenshot command: null
at org.openqa.selenium.remote.RemoteWebDriver.getScreenshotAs(RemoteWebDriver.java:304)
at com.hybrid.utils.TestUtils.takeScreenshot(TestUtils.java:90)
at com.hybrid.utils.Listeners.onTestFailure(Listeners.java:61)
at java.util.ArrayList.forEach(ArrayList.java:1257)
... Removed 24 stack frames]]>
    </failure>
  </testcase> <!-- b_loginClick -->
</testsuite> <!-- Test1 -->
